ERROR - 2022-04-27 21:34:12 --> Error connecting to the database: Access denied for user ''@'localhost' (using password: NO)
CRITICAL - 2022-04-27 21:34:12 --> Unable to connect to the database.
Main connection [MySQLi]: Access denied for user ''@'localhost' (using password: NO)
#0 C:\Users\Administrator\Downloads\Compressed\amdKW\system\Database\BaseConnection.php(577): CodeIgniter\Database\BaseConnection->initialize()
#1 C:\Users\Administrator\Downloads\Compressed\amdKW\system\Database\BaseBuilder.php(1539): CodeIgniter\Database\BaseConnection->query('SELECT COUNT(*)...', Array, false)
#2 C:\Users\Administrator\Downloads\Compressed\amdKW\system\Model.php(509): CodeIgniter\Database\BaseBuilder->countAllResults(false)
#3 C:\Users\Administrator\Downloads\Compressed\amdKW\system\BaseModel.php(1084): CodeIgniter\Model->countAllResults(false)
#4 C:\Users\Administrator\Downloads\Compressed\amdKW\app\Controllers\Products.php(21): CodeIgniter\BaseModel->paginate()
#5 C:\Users\Administrator\Downloads\Compressed\amdKW\system\CodeIgniter.php(832): App\Controllers\Products->index()
#6 C:\Users\Administrator\Downloads\Compressed\amdKW\system\CodeIgniter.php(419): CodeIgniter\CodeIgniter->runController(Object(App\Controllers\Products))
#7 C:\Users\Administrator\Downloads\Compressed\amdKW\system\CodeIgniter.php(326): CodeIgniter\CodeIgniter->handleRequest(NULL, Object(Config\Cache), false)
#8 C:\Users\Administrator\Downloads\Compressed\amdKW\public\index.php(37): CodeIgniter\CodeIgniter->run()
#9 C:\Users\Administrator\Downloads\Compressed\amdKW\system\Commands\Server\rewrite.php(43): require_once('C:\\Users\\Admini...')
#10 {main}
CRITICAL - 2022-04-27 21:34:33 --> Invalid file: product.php
#0 C:\Users\Administrator\Downloads\Compressed\amdKW\system\View\View.php(198): CodeIgniter\Exceptions\FrameworkException::forInvalidFile('product.php')
#1 C:\Users\Administrator\Downloads\Compressed\amdKW\system\Common.php(1089): CodeIgniter\View\View->render('product', Array, true)
#2 C:\Users\Administrator\Downloads\Compressed\amdKW\app\Controllers\Products.php(23): view('product', Array)
#3 C:\Users\Administrator\Downloads\Compressed\amdKW\system\CodeIgniter.php(832): App\Controllers\Products->index()
#4 C:\Users\Administrator\Downloads\Compressed\amdKW\system\CodeIgniter.php(419): CodeIgniter\CodeIgniter->runController(Object(App\Controllers\Products))
#5 C:\Users\Administrator\Downloads\Compressed\amdKW\system\CodeIgniter.php(326): CodeIgniter\CodeIgniter->handleRequest(NULL, Object(Config\Cache), false)
#6 C:\Users\Administrator\Downloads\Compressed\amdKW\public\index.php(37): CodeIgniter\CodeIgniter->run()
#7 C:\Users\Administrator\Downloads\Compressed\amdKW\system\Commands\Server\rewrite.php(43): require_once('C:\\Users\\Admini...')
#8 {main}
CRITICAL - 2022-04-27 21:37:34 --> Undefined variable: product
#0 C:\Users\Administrator\Downloads\Compressed\amdKW\app\Views\products.php(21): CodeIgniter\Debug\Exceptions->errorHandler(8, 'Undefined varia...', 'C:\\Users\\Admini...', 21, Array)
#1 C:\Users\Administrator\Downloads\Compressed\amdKW\system\View\View.php(210): include('C:\\Users\\Admini...')
#2 C:\Users\Administrator\Downloads\Compressed\amdKW\system\View\View.php(213): CodeIgniter\View\View->CodeIgniter\View\{closure}()
#3 C:\Users\Administrator\Downloads\Compressed\amdKW\system\Common.php(1089): CodeIgniter\View\View->render('products', Array, true)
#4 C:\Users\Administrator\Downloads\Compressed\amdKW\app\Controllers\Products.php(23): view('products', Array)
#5 C:\Users\Administrator\Downloads\Compressed\amdKW\system\CodeIgniter.php(832): App\Controllers\Products->index()
#6 C:\Users\Administrator\Downloads\Compressed\amdKW\system\CodeIgniter.php(419): CodeIgniter\CodeIgniter->runController(Object(App\Controllers\Products))
#7 C:\Users\Administrator\Downloads\Compressed\amdKW\system\CodeIgniter.php(326): CodeIgniter\CodeIgniter->handleRequest(NULL, Object(Config\Cache), false)
#8 C:\Users\Administrator\Downloads\Compressed\amdKW\public\index.php(37): CodeIgniter\CodeIgniter->run()
#9 C:\Users\Administrator\Downloads\Compressed\amdKW\system\Commands\Server\rewrite.php(43): require_once('C:\\Users\\Admini...')
#10 {main}
CRITICAL - 2022-04-27 21:57:15 --> Call to undefined method App\Models\ModelProducts::pencarian
#0 C:\Users\Administrator\Downloads\Compressed\amdKW\app\Controllers\Products.php(16): CodeIgniter\Model->__call('pencarian', Array)
#1 C:\Users\Administrator\Downloads\Compressed\amdKW\system\CodeIgniter.php(832): App\Controllers\Products->index()
#2 C:\Users\Administrator\Downloads\Compressed\amdKW\system\CodeIgniter.php(419): CodeIgniter\CodeIgniter->runController(Object(App\Controllers\Products))
#3 C:\Users\Administrator\Downloads\Compressed\amdKW\system\CodeIgniter.php(326): CodeIgniter\CodeIgniter->handleRequest(NULL, Object(Config\Cache), false)
#4 C:\Users\Administrator\Downloads\Compressed\amdKW\public\index.php(37): CodeIgniter\CodeIgniter->run()
#5 C:\Users\Administrator\Downloads\Compressed\amdKW\system\Commands\Server\rewrite.php(43): require_once('C:\\Users\\Admini...')
#6 {main}
CRITICAL - 2022-04-27 22:03:01 --> Undefined variable: row
#0 C:\Users\Administrator\Downloads\Compressed\amdKW\app\Views\products.php(31): CodeIgniter\Debug\Exceptions->errorHandler(8, 'Undefined varia...', 'C:\\Users\\Admini...', 31, Array)
#1 C:\Users\Administrator\Downloads\Compressed\amdKW\system\View\View.php(210): include('C:\\Users\\Admini...')
#2 C:\Users\Administrator\Downloads\Compressed\amdKW\system\View\View.php(213): CodeIgniter\View\View->CodeIgniter\View\{closure}()
#3 C:\Users\Administrator\Downloads\Compressed\amdKW\system\Common.php(1089): CodeIgniter\View\View->render('products', Array, true)
#4 C:\Users\Administrator\Downloads\Compressed\amdKW\app\Controllers\Products.php(26): view('products', Array)
#5 C:\Users\Administrator\Downloads\Compressed\amdKW\system\CodeIgniter.php(832): App\Controllers\Products->index()
#6 C:\Users\Administrator\Downloads\Compressed\amdKW\system\CodeIgniter.php(419): CodeIgniter\CodeIgniter->runController(Object(App\Controllers\Products))
#7 C:\Users\Administrator\Downloads\Compressed\amdKW\system\CodeIgniter.php(326): CodeIgniter\CodeIgniter->handleRequest(NULL, Object(Config\Cache), false)
#8 C:\Users\Administrator\Downloads\Compressed\amdKW\public\index.php(37): CodeIgniter\CodeIgniter->run()
#9 C:\Users\Administrator\Downloads\Compressed\amdKW\system\Commands\Server\rewrite.php(43): require_once('C:\\Users\\Admini...')
#10 {main}
CRITICAL - 2022-04-27 22:10:26 --> Array to string conversion
#0 C:\Users\Administrator\Downloads\Compressed\amdKW\app\Views\products_detail.php(12): CodeIgniter\Debug\Exceptions->errorHandler(8, 'Array to string...', 'C:\\Users\\Admini...', 12, Array)
#1 C:\Users\Administrator\Downloads\Compressed\amdKW\system\View\View.php(210): include('C:\\Users\\Admini...')
#2 C:\Users\Administrator\Downloads\Compressed\amdKW\system\View\View.php(213): CodeIgniter\View\View->CodeIgniter\View\{closure}()
#3 C:\Users\Administrator\Downloads\Compressed\amdKW\system\Common.php(1089): CodeIgniter\View\View->render('products_detail', Array, true)
#4 C:\Users\Administrator\Downloads\Compressed\amdKW\app\Controllers\Products.php(33): view('products_detail', Array)
#5 C:\Users\Administrator\Downloads\Compressed\amdKW\system\CodeIgniter.php(832): App\Controllers\Products->detail('4')
#6 C:\Users\Administrator\Downloads\Compressed\amdKW\system\CodeIgniter.php(419): CodeIgniter\CodeIgniter->runController(Object(App\Controllers\Products))
#7 C:\Users\Administrator\Downloads\Compressed\amdKW\system\CodeIgniter.php(326): CodeIgniter\CodeIgniter->handleRequest(NULL, Object(Config\Cache), false)
#8 C:\Users\Administrator\Downloads\Compressed\amdKW\public\index.php(37): CodeIgniter\CodeIgniter->run()
#9 C:\Users\Administrator\Downloads\Compressed\amdKW\system\Commands\Server\rewrite.php(43): require_once('C:\\Users\\Admini...')
#10 {main}
CRITICAL - 2022-04-27 22:10:52 --> Trying to access array offset on value of type null
#0 C:\Users\Administrator\Downloads\Compressed\amdKW\app\Views\products_detail.php(12): CodeIgniter\Debug\Exceptions->errorHandler(8, 'Trying to acces...', 'C:\\Users\\Admini...', 12, Array)
#1 C:\Users\Administrator\Downloads\Compressed\amdKW\system\View\View.php(210): include('C:\\Users\\Admini...')
#2 C:\Users\Administrator\Downloads\Compressed\amdKW\system\View\View.php(213): CodeIgniter\View\View->CodeIgniter\View\{closure}()
#3 C:\Users\Administrator\Downloads\Compressed\amdKW\system\Common.php(1089): CodeIgniter\View\View->render('products_detail', Array, true)
#4 C:\Users\Administrator\Downloads\Compressed\amdKW\app\Controllers\Products.php(33): view('products_detail', Array)
#5 C:\Users\Administrator\Downloads\Compressed\amdKW\system\CodeIgniter.php(832): App\Controllers\Products->detail('assets', 'images', 'mockup', 'iphone.png')
#6 C:\Users\Administrator\Downloads\Compressed\amdKW\system\CodeIgniter.php(419): CodeIgniter\CodeIgniter->runController(Object(App\Controllers\Products))
#7 C:\Users\Administrator\Downloads\Compressed\amdKW\system\CodeIgniter.php(326): CodeIgniter\CodeIgniter->handleRequest(NULL, Object(Config\Cache), false)
#8 C:\Users\Administrator\Downloads\Compressed\amdKW\public\index.php(37): CodeIgniter\CodeIgniter->run()
#9 C:\Users\Administrator\Downloads\Compressed\amdKW\system\Commands\Server\rewrite.php(43): require_once('C:\\Users\\Admini...')
#10 {main}
CRITICAL - 2022-04-27 22:11:08 --> Trying to access array offset on value of type null
#0 C:\Users\Administrator\Downloads\Compressed\amdKW\app\Views\products_detail.php(12): CodeIgniter\Debug\Exceptions->errorHandler(8, 'Trying to acces...', 'C:\\Users\\Admini...', 12, Array)
#1 C:\Users\Administrator\Downloads\Compressed\amdKW\system\View\View.php(210): include('C:\\Users\\Admini...')
#2 C:\Users\Administrator\Downloads\Compressed\amdKW\system\View\View.php(213): CodeIgniter\View\View->CodeIgniter\View\{closure}()
#3 C:\Users\Administrator\Downloads\Compressed\amdKW\system\Common.php(1089): CodeIgniter\View\View->render('products_detail', Array, true)
#4 C:\Users\Administrator\Downloads\Compressed\amdKW\app\Controllers\Products.php(33): view('products_detail', Array)
#5 C:\Users\Administrator\Downloads\Compressed\amdKW\system\CodeIgniter.php(832): App\Controllers\Products->detail('assets', 'images', 'mockup', 'iphone.png')
#6 C:\Users\Administrator\Downloads\Compressed\amdKW\system\CodeIgniter.php(419): CodeIgniter\CodeIgniter->runController(Object(App\Controllers\Products))
#7 C:\Users\Administrator\Downloads\Compressed\amdKW\system\CodeIgniter.php(326): CodeIgniter\CodeIgniter->handleRequest(NULL, Object(Config\Cache), false)
#8 C:\Users\Administrator\Downloads\Compressed\amdKW\public\index.php(37): CodeIgniter\CodeIgniter->run()
#9 C:\Users\Administrator\Downloads\Compressed\amdKW\system\Commands\Server\rewrite.php(43): require_once('C:\\Users\\Admini...')
#10 {main}
CRITICAL - 2022-04-27 22:11:40 --> Trying to access array offset on value of type null
#0 C:\Users\Administrator\Downloads\Compressed\amdKW\app\Views\products_detail.php(12): CodeIgniter\Debug\Exceptions->errorHandler(8, 'Trying to acces...', 'C:\\Users\\Admini...', 12, Array)
#1 C:\Users\Administrator\Downloads\Compressed\amdKW\system\View\View.php(210): include('C:\\Users\\Admini...')
#2 C:\Users\Administrator\Downloads\Compressed\amdKW\system\View\View.php(213): CodeIgniter\View\View->CodeIgniter\View\{closure}()
#3 C:\Users\Administrator\Downloads\Compressed\amdKW\system\Common.php(1089): CodeIgniter\View\View->render('products_detail', Array, true)
#4 C:\Users\Administrator\Downloads\Compressed\amdKW\app\Controllers\Products.php(33): view('products_detail', Array)
#5 C:\Users\Administrator\Downloads\Compressed\amdKW\system\CodeIgniter.php(832): App\Controllers\Products->detail('assets', 'images', 'mockup', 'iphone.png')
#6 C:\Users\Administrator\Downloads\Compressed\amdKW\system\CodeIgniter.php(419): CodeIgniter\CodeIgniter->runController(Object(App\Controllers\Products))
#7 C:\Users\Administrator\Downloads\Compressed\amdKW\system\CodeIgniter.php(326): CodeIgniter\CodeIgniter->handleRequest(NULL, Object(Config\Cache), false)
#8 C:\Users\Administrator\Downloads\Compressed\amdKW\public\index.php(37): CodeIgniter\CodeIgniter->run()
#9 C:\Users\Administrator\Downloads\Compressed\amdKW\system\Commands\Server\rewrite.php(43): require_once('C:\\Users\\Admini...')
#10 {main}
CRITICAL - 2022-04-27 22:12:15 --> Trying to access array offset on value of type null
#0 C:\Users\Administrator\Downloads\Compressed\amdKW\app\Views\products_detail.php(12): CodeIgniter\Debug\Exceptions->errorHandler(8, 'Trying to acces...', 'C:\\Users\\Admini...', 12, Array)
#1 C:\Users\Administrator\Downloads\Compressed\amdKW\system\View\View.php(210): include('C:\\Users\\Admini...')
#2 C:\Users\Administrator\Downloads\Compressed\amdKW\system\View\View.php(213): CodeIgniter\View\View->CodeIgniter\View\{closure}()
#3 C:\Users\Administrator\Downloads\Compressed\amdKW\system\Common.php(1089): CodeIgniter\View\View->render('products_detail', Array, true)
#4 C:\Users\Administrator\Downloads\Compressed\amdKW\app\Controllers\Products.php(33): view('products_detail', Array)
#5 C:\Users\Administrator\Downloads\Compressed\amdKW\system\CodeIgniter.php(832): App\Controllers\Products->detail('assets', 'images', 'mockup', 'iphone.png')
#6 C:\Users\Administrator\Downloads\Compressed\amdKW\system\CodeIgniter.php(419): CodeIgniter\CodeIgniter->runController(Object(App\Controllers\Products))
#7 C:\Users\Administrator\Downloads\Compressed\amdKW\system\CodeIgniter.php(326): CodeIgniter\CodeIgniter->handleRequest(NULL, Object(Config\Cache), false)
#8 C:\Users\Administrator\Downloads\Compressed\amdKW\public\index.php(37): CodeIgniter\CodeIgniter->run()
#9 C:\Users\Administrator\Downloads\Compressed\amdKW\system\Commands\Server\rewrite.php(43): require_once('C:\\Users\\Admini...')
#10 {main}
CRITICAL - 2022-04-27 22:12:22 --> Trying to access array offset on value of type null
#0 C:\Users\Administrator\Downloads\Compressed\amdKW\app\Views\products_detail.php(12): CodeIgniter\Debug\Exceptions->errorHandler(8, 'Trying to acces...', 'C:\\Users\\Admini...', 12, Array)
#1 C:\Users\Administrator\Downloads\Compressed\amdKW\system\View\View.php(210): include('C:\\Users\\Admini...')
#2 C:\Users\Administrator\Downloads\Compressed\amdKW\system\View\View.php(213): CodeIgniter\View\View->CodeIgniter\View\{closure}()
#3 C:\Users\Administrator\Downloads\Compressed\amdKW\system\Common.php(1089): CodeIgniter\View\View->render('products_detail', Array, true)
#4 C:\Users\Administrator\Downloads\Compressed\amdKW\app\Controllers\Products.php(33): view('products_detail', Array)
#5 C:\Users\Administrator\Downloads\Compressed\amdKW\system\CodeIgniter.php(832): App\Controllers\Products->detail('assets', 'images', 'mockup', 'iphone.png')
#6 C:\Users\Administrator\Downloads\Compressed\amdKW\system\CodeIgniter.php(419): CodeIgniter\CodeIgniter->runController(Object(App\Controllers\Products))
#7 C:\Users\Administrator\Downloads\Compressed\amdKW\system\CodeIgniter.php(326): CodeIgniter\CodeIgniter->handleRequest(NULL, Object(Config\Cache), false)
#8 C:\Users\Administrator\Downloads\Compressed\amdKW\public\index.php(37): CodeIgniter\CodeIgniter->run()
#9 C:\Users\Administrator\Downloads\Compressed\amdKW\system\Commands\Server\rewrite.php(43): require_once('C:\\Users\\Admini...')
#10 {main}
CRITICAL - 2022-04-27 22:12:36 --> Trying to access array offset on value of type null
#0 C:\Users\Administrator\Downloads\Compressed\amdKW\app\Views\products_detail.php(12): CodeIgniter\Debug\Exceptions->errorHandler(8, 'Trying to acces...', 'C:\\Users\\Admini...', 12, Array)
#1 C:\Users\Administrator\Downloads\Compressed\amdKW\system\View\View.php(210): include('C:\\Users\\Admini...')
#2 C:\Users\Administrator\Downloads\Compressed\amdKW\system\View\View.php(213): CodeIgniter\View\View->CodeIgniter\View\{closure}()
#3 C:\Users\Administrator\Downloads\Compressed\amdKW\system\Common.php(1089): CodeIgniter\View\View->render('products_detail', Array, true)
#4 C:\Users\Administrator\Downloads\Compressed\amdKW\app\Controllers\Products.php(33): view('products_detail', Array)
#5 C:\Users\Administrator\Downloads\Compressed\amdKW\system\CodeIgniter.php(832): App\Controllers\Products->detail('assets', 'images', 'mockup', 'iphone.png')
#6 C:\Users\Administrator\Downloads\Compressed\amdKW\system\CodeIgniter.php(419): CodeIgniter\CodeIgniter->runController(Object(App\Controllers\Products))
#7 C:\Users\Administrator\Downloads\Compressed\amdKW\system\CodeIgniter.php(326): CodeIgniter\CodeIgniter->handleRequest(NULL, Object(Config\Cache), false)
#8 C:\Users\Administrator\Downloads\Compressed\amdKW\public\index.php(37): CodeIgniter\CodeIgniter->run()
#9 C:\Users\Administrator\Downloads\Compressed\amdKW\system\Commands\Server\rewrite.php(43): require_once('C:\\Users\\Admini...')
#10 {main}
CRITICAL - 2022-04-27 22:12:52 --> Trying to access array offset on value of type null
#0 C:\Users\Administrator\Downloads\Compressed\amdKW\app\Views\products_detail.php(12): CodeIgniter\Debug\Exceptions->errorHandler(8, 'Trying to acces...', 'C:\\Users\\Admini...', 12, Array)
#1 C:\Users\Administrator\Downloads\Compressed\amdKW\system\View\View.php(210): include('C:\\Users\\Admini...')
#2 C:\Users\Administrator\Downloads\Compressed\amdKW\system\View\View.php(213): CodeIgniter\View\View->CodeIgniter\View\{closure}()
#3 C:\Users\Administrator\Downloads\Compressed\amdKW\system\Common.php(1089): CodeIgniter\View\View->render('products_detail', Array, true)
#4 C:\Users\Administrator\Downloads\Compressed\amdKW\app\Controllers\Products.php(33): view('products_detail', Array)
#5 C:\Users\Administrator\Downloads\Compressed\amdKW\system\CodeIgniter.php(832): App\Controllers\Products->detail('assets', 'images', 'mockup', 'iphone.png')
#6 C:\Users\Administrator\Downloads\Compressed\amdKW\system\CodeIgniter.php(419): CodeIgniter\CodeIgniter->runController(Object(App\Controllers\Products))
#7 C:\Users\Administrator\Downloads\Compressed\amdKW\system\CodeIgniter.php(326): CodeIgniter\CodeIgniter->handleRequest(NULL, Object(Config\Cache), false)
#8 C:\Users\Administrator\Downloads\Compressed\amdKW\public\index.php(37): CodeIgniter\CodeIgniter->run()
#9 C:\Users\Administrator\Downloads\Compressed\amdKW\system\Commands\Server\rewrite.php(43): require_once('C:\\Users\\Admini...')
#10 {main}
CRITICAL - 2022-04-27 22:27:18 --> Undefined offset: 10
#0 C:\Users\Administrator\Downloads\Compressed\amdKW\app\Views\technology.php(25): CodeIgniter\Debug\Exceptions->errorHandler(8, 'Undefined offse...', 'C:\\Users\\Admini...', 25, Array)
#1 C:\Users\Administrator\Downloads\Compressed\amdKW\system\View\View.php(210): include('C:\\Users\\Admini...')
#2 C:\Users\Administrator\Downloads\Compressed\amdKW\system\View\View.php(213): CodeIgniter\View\View->CodeIgniter\View\{closure}()
#3 C:\Users\Administrator\Downloads\Compressed\amdKW\system\Common.php(1089): CodeIgniter\View\View->render('technology', Array, true)
#4 C:\Users\Administrator\Downloads\Compressed\amdKW\app\Controllers\Technology.php(11): view('technology')
#5 C:\Users\Administrator\Downloads\Compressed\amdKW\system\CodeIgniter.php(832): App\Controllers\Technology->index()
#6 C:\Users\Administrator\Downloads\Compressed\amdKW\system\CodeIgniter.php(419): CodeIgniter\CodeIgniter->runController(Object(App\Controllers\Technology))
#7 C:\Users\Administrator\Downloads\Compressed\amdKW\system\CodeIgniter.php(326): CodeIgniter\CodeIgniter->handleRequest(NULL, Object(Config\Cache), false)
#8 C:\Users\Administrator\Downloads\Compressed\amdKW\public\index.php(37): CodeIgniter\CodeIgniter->run()
#9 C:\Users\Administrator\Downloads\Compressed\amdKW\system\Commands\Server\rewrite.php(43): require_once('C:\\Users\\Admini...')
#10 {main}
CRITICAL - 2022-04-27 22:28:07 --> Undefined offset: 10
#0 C:\Users\Administrator\Downloads\Compressed\amdKW\app\Views\technology.php(25): CodeIgniter\Debug\Exceptions->errorHandler(8, 'Undefined offse...', 'C:\\Users\\Admini...', 25, Array)
#1 C:\Users\Administrator\Downloads\Compressed\amdKW\system\View\View.php(210): include('C:\\Users\\Admini...')
#2 C:\Users\Administrator\Downloads\Compressed\amdKW\system\View\View.php(213): CodeIgniter\View\View->CodeIgniter\View\{closure}()
#3 C:\Users\Administrator\Downloads\Compressed\amdKW\system\Common.php(1089): CodeIgniter\View\View->render('technology', Array, true)
#4 C:\Users\Administrator\Downloads\Compressed\amdKW\app\Controllers\Technology.php(11): view('technology')
#5 C:\Users\Administrator\Downloads\Compressed\amdKW\system\CodeIgniter.php(832): App\Controllers\Technology->index()
#6 C:\Users\Administrator\Downloads\Compressed\amdKW\system\CodeIgniter.php(419): CodeIgniter\CodeIgniter->runController(Object(App\Controllers\Technology))
#7 C:\Users\Administrator\Downloads\Compressed\amdKW\system\CodeIgniter.php(326): CodeIgniter\CodeIgniter->handleRequest(NULL, Object(Config\Cache), false)
#8 C:\Users\Administrator\Downloads\Compressed\amdKW\public\index.php(37): CodeIgniter\CodeIgniter->run()
#9 C:\Users\Administrator\Downloads\Compressed\amdKW\system\Commands\Server\rewrite.php(43): require_once('C:\\Users\\Admini...')
#10 {main}
CRITICAL - 2022-04-27 22:28:18 --> Undefined variable: products
#0 C:\Users\Administrator\Downloads\Compressed\amdKW\app\Views\technology.php(48): CodeIgniter\Debug\Exceptions->errorHandler(8, 'Undefined varia...', 'C:\\Users\\Admini...', 48, Array)
#1 C:\Users\Administrator\Downloads\Compressed\amdKW\system\View\View.php(210): include('C:\\Users\\Admini...')
#2 C:\Users\Administrator\Downloads\Compressed\amdKW\system\View\View.php(213): CodeIgniter\View\View->CodeIgniter\View\{closure}()
#3 C:\Users\Administrator\Downloads\Compressed\amdKW\system\Common.php(1089): CodeIgniter\View\View->render('technology', Array, true)
#4 C:\Users\Administrator\Downloads\Compressed\amdKW\app\Controllers\Technology.php(11): view('technology')
#5 C:\Users\Administrator\Downloads\Compressed\amdKW\system\CodeIgniter.php(832): App\Controllers\Technology->index()
#6 C:\Users\Administrator\Downloads\Compressed\amdKW\system\CodeIgniter.php(419): CodeIgniter\CodeIgniter->runController(Object(App\Controllers\Technology))
#7 C:\Users\Administrator\Downloads\Compressed\amdKW\system\CodeIgniter.php(326): CodeIgniter\CodeIgniter->handleRequest(NULL, Object(Config\Cache), false)
#8 C:\Users\Administrator\Downloads\Compressed\amdKW\public\index.php(37): CodeIgniter\CodeIgniter->run()
#9 C:\Users\Administrator\Downloads\Compressed\amdKW\system\Commands\Server\rewrite.php(43): require_once('C:\\Users\\Admini...')
#10 {main}
CRITICAL - 2022-04-27 23:12:25 --> Argument 1 passed to CodeIgniter\Database\BaseBuilder::orderBy() must be of the type string, null given, called in C:\Users\Administrator\Downloads\Compressed\amdKW\app\Models\Serverside_model.php on line 45
#0 C:\Users\Administrator\Downloads\Compressed\amdKW\app\Models\Serverside_model.php(45): CodeIgniter\Database\BaseBuilder->orderBy(NULL, 'asc')
#1 C:\Users\Administrator\Downloads\Compressed\amdKW\app\Models\Serverside_model.php(55): App\Models\Serverside_model->_get_datatables_query('drivers', Array, Array, Array)
#2 C:\Users\Administrator\Downloads\Compressed\amdKW\app\Controllers\Serverside.php(29): App\Models\Serverside_model->get_datatables('drivers', Array, Array, Array, Array)
#3 C:\Users\Administrator\Downloads\Compressed\amdKW\system\CodeIgniter.php(832): App\Controllers\Serverside->listdata()
#4 C:\Users\Administrator\Downloads\Compressed\amdKW\system\CodeIgniter.php(419): CodeIgniter\CodeIgniter->runController(Object(App\Controllers\Serverside))
#5 C:\Users\Administrator\Downloads\Compressed\amdKW\system\CodeIgniter.php(326): CodeIgniter\CodeIgniter->handleRequest(NULL, Object(Config\Cache), false)
#6 C:\Users\Administrator\Downloads\Compressed\amdKW\public\index.php(37): CodeIgniter\CodeIgniter->run()
#7 C:\Users\Administrator\Downloads\Compressed\amdKW\system\Commands\Server\rewrite.php(43): require_once('C:\\Users\\Admini...')
#8 {main}
CRITICAL - 2022-04-27 23:13:11 --> Argument 1 passed to CodeIgniter\Database\BaseBuilder::orderBy() must be of the type string, null given, called in C:\Users\Administrator\Downloads\Compressed\amdKW\app\Models\Serverside_model.php on line 45
#0 C:\Users\Administrator\Downloads\Compressed\amdKW\app\Models\Serverside_model.php(45): CodeIgniter\Database\BaseBuilder->orderBy(NULL, 'asc')
#1 C:\Users\Administrator\Downloads\Compressed\amdKW\app\Models\Serverside_model.php(55): App\Models\Serverside_model->_get_datatables_query('drivers', Array, Array, Array)
#2 C:\Users\Administrator\Downloads\Compressed\amdKW\app\Controllers\Serverside.php(29): App\Models\Serverside_model->get_datatables('drivers', Array, Array, Array, Array)
#3 C:\Users\Administrator\Downloads\Compressed\amdKW\system\CodeIgniter.php(832): App\Controllers\Serverside->listdata()
#4 C:\Users\Administrator\Downloads\Compressed\amdKW\system\CodeIgniter.php(419): CodeIgniter\CodeIgniter->runController(Object(App\Controllers\Serverside))
#5 C:\Users\Administrator\Downloads\Compressed\amdKW\system\CodeIgniter.php(326): CodeIgniter\CodeIgniter->handleRequest(NULL, Object(Config\Cache), false)
#6 C:\Users\Administrator\Downloads\Compressed\amdKW\public\index.php(37): CodeIgniter\CodeIgniter->run()
#7 C:\Users\Administrator\Downloads\Compressed\amdKW\system\Commands\Server\rewrite.php(43): require_once('C:\\Users\\Admini...')
#8 {main}
CRITICAL - 2022-04-27 23:15:46 --> Argument 1 passed to CodeIgniter\Database\BaseBuilder::orderBy() must be of the type string, null given, called in C:\Users\Administrator\Downloads\Compressed\amdKW\app\Models\Serverside_model.php on line 45
#0 C:\Users\Administrator\Downloads\Compressed\amdKW\app\Models\Serverside_model.php(45): CodeIgniter\Database\BaseBuilder->orderBy(NULL, 'asc')
#1 C:\Users\Administrator\Downloads\Compressed\amdKW\app\Models\Serverside_model.php(55): App\Models\Serverside_model->_get_datatables_query('drivers', Array, Array, Array)
#2 C:\Users\Administrator\Downloads\Compressed\amdKW\app\Controllers\Serverside.php(29): App\Models\Serverside_model->get_datatables('drivers', Array, Array, Array, Array)
#3 C:\Users\Administrator\Downloads\Compressed\amdKW\system\CodeIgniter.php(832): App\Controllers\Serverside->listdata()
#4 C:\Users\Administrator\Downloads\Compressed\amdKW\system\CodeIgniter.php(419): CodeIgniter\CodeIgniter->runController(Object(App\Controllers\Serverside))
#5 C:\Users\Administrator\Downloads\Compressed\amdKW\system\CodeIgniter.php(326): CodeIgniter\CodeIgniter->handleRequest(NULL, Object(Config\Cache), false)
#6 C:\Users\Administrator\Downloads\Compressed\amdKW\public\index.php(37): CodeIgniter\CodeIgniter->run()
#7 C:\Users\Administrator\Downloads\Compressed\amdKW\system\Commands\Server\rewrite.php(43): require_once('C:\\Users\\Admini...')
#8 {main}
CRITICAL - 2022-04-27 23:15:59 --> Argument 1 passed to CodeIgniter\Database\BaseBuilder::orderBy() must be of the type string, null given, called in C:\Users\Administrator\Downloads\Compressed\amdKW\app\Models\Serverside_model.php on line 45
#0 C:\Users\Administrator\Downloads\Compressed\amdKW\app\Models\Serverside_model.php(45): CodeIgniter\Database\BaseBuilder->orderBy(NULL, 'asc')
#1 C:\Users\Administrator\Downloads\Compressed\amdKW\app\Models\Serverside_model.php(55): App\Models\Serverside_model->_get_datatables_query('drivers', Array, Array, Array)
#2 C:\Users\Administrator\Downloads\Compressed\amdKW\app\Controllers\Serverside.php(29): App\Models\Serverside_model->get_datatables('drivers', Array, Array, Array, Array)
#3 C:\Users\Administrator\Downloads\Compressed\amdKW\system\CodeIgniter.php(832): App\Controllers\Serverside->listdata()
#4 C:\Users\Administrator\Downloads\Compressed\amdKW\system\CodeIgniter.php(419): CodeIgniter\CodeIgniter->runController(Object(App\Controllers\Serverside))
#5 C:\Users\Administrator\Downloads\Compressed\amdKW\system\CodeIgniter.php(326): CodeIgniter\CodeIgniter->handleRequest(NULL, Object(Config\Cache), false)
#6 C:\Users\Administrator\Downloads\Compressed\amdKW\public\index.php(37): CodeIgniter\CodeIgniter->run()
#7 C:\Users\Administrator\Downloads\Compressed\amdKW\system\Commands\Server\rewrite.php(43): require_once('C:\\Users\\Admini...')
#8 {main}
CRITICAL - 2022-04-27 23:18:14 --> Argument 1 passed to CodeIgniter\Database\BaseBuilder::orderBy() must be of the type string, null given, called in C:\Users\Administrator\Downloads\Compressed\amdKW\app\Models\Serverside_model.php on line 45
#0 C:\Users\Administrator\Downloads\Compressed\amdKW\app\Models\Serverside_model.php(45): CodeIgniter\Database\BaseBuilder->orderBy(NULL, 'asc')
#1 C:\Users\Administrator\Downloads\Compressed\amdKW\app\Models\Serverside_model.php(55): App\Models\Serverside_model->_get_datatables_query('pengguna', Array, Array, Array)
#2 C:\Users\Administrator\Downloads\Compressed\amdKW\app\Controllers\Serverside.php(29): App\Models\Serverside_model->get_datatables('pengguna', Array, Array, Array, Array)
#3 C:\Users\Administrator\Downloads\Compressed\amdKW\system\CodeIgniter.php(832): App\Controllers\Serverside->listdata()
#4 C:\Users\Administrator\Downloads\Compressed\amdKW\system\CodeIgniter.php(419): CodeIgniter\CodeIgniter->runController(Object(App\Controllers\Serverside))
#5 C:\Users\Administrator\Downloads\Compressed\amdKW\system\CodeIgniter.php(326): CodeIgniter\CodeIgniter->handleRequest(NULL, Object(Config\Cache), false)
#6 C:\Users\Administrator\Downloads\Compressed\amdKW\public\index.php(37): CodeIgniter\CodeIgniter->run()
#7 C:\Users\Administrator\Downloads\Compressed\amdKW\system\Commands\Server\rewrite.php(43): require_once('C:\\Users\\Admini...')
#8 {main}
CRITICAL - 2022-04-27 23:18:53 --> Argument 1 passed to CodeIgniter\Database\BaseBuilder::orderBy() must be of the type string, null given, called in C:\Users\Administrator\Downloads\Compressed\amdKW\app\Models\Serverside_model.php on line 45
#0 C:\Users\Administrator\Downloads\Compressed\amdKW\app\Models\Serverside_model.php(45): CodeIgniter\Database\BaseBuilder->orderBy(NULL, 'asc')
#1 C:\Users\Administrator\Downloads\Compressed\amdKW\app\Models\Serverside_model.php(55): App\Models\Serverside_model->_get_datatables_query('pengguna', Array, Array, Array)
#2 C:\Users\Administrator\Downloads\Compressed\amdKW\app\Controllers\Serverside.php(29): App\Models\Serverside_model->get_datatables('pengguna', Array, Array, Array, Array)
#3 C:\Users\Administrator\Downloads\Compressed\amdKW\system\CodeIgniter.php(832): App\Controllers\Serverside->listdata()
#4 C:\Users\Administrator\Downloads\Compressed\amdKW\system\CodeIgniter.php(419): CodeIgniter\CodeIgniter->runController(Object(App\Controllers\Serverside))
#5 C:\Users\Administrator\Downloads\Compressed\amdKW\system\CodeIgniter.php(326): CodeIgniter\CodeIgniter->handleRequest(NULL, Object(Config\Cache), false)
#6 C:\Users\Administrator\Downloads\Compressed\amdKW\public\index.php(37): CodeIgniter\CodeIgniter->run()
#7 C:\Users\Administrator\Downloads\Compressed\amdKW\system\Commands\Server\rewrite.php(43): require_once('C:\\Users\\Admini...')
#8 {main}
CRITICAL - 2022-04-27 23:27:56 --> Argument 1 passed to CodeIgniter\Database\BaseBuilder::orderBy() must be of the type string, null given, called in C:\Users\Administrator\Downloads\Compressed\amdKW\app\Models\Serverside_model.php on line 45
#0 C:\Users\Administrator\Downloads\Compressed\amdKW\app\Models\Serverside_model.php(45): CodeIgniter\Database\BaseBuilder->orderBy(NULL, 'asc')
#1 C:\Users\Administrator\Downloads\Compressed\amdKW\app\Models\Serverside_model.php(55): App\Models\Serverside_model->_get_datatables_query('pengguna', Array, Array, Array)
#2 C:\Users\Administrator\Downloads\Compressed\amdKW\app\Controllers\Serverside.php(29): App\Models\Serverside_model->get_datatables('pengguna', Array, Array, Array, Array)
#3 C:\Users\Administrator\Downloads\Compressed\amdKW\system\CodeIgniter.php(832): App\Controllers\Serverside->listdata()
#4 C:\Users\Administrator\Downloads\Compressed\amdKW\system\CodeIgniter.php(419): CodeIgniter\CodeIgniter->runController(Object(App\Controllers\Serverside))
#5 C:\Users\Administrator\Downloads\Compressed\amdKW\system\CodeIgniter.php(326): CodeIgniter\CodeIgniter->handleRequest(NULL, Object(Config\Cache), false)
#6 C:\Users\Administrator\Downloads\Compressed\amdKW\public\index.php(37): CodeIgniter\CodeIgniter->run()
#7 C:\Users\Administrator\Downloads\Compressed\amdKW\system\Commands\Server\rewrite.php(43): require_once('C:\\Users\\Admini...')
#8 {main}
CRITICAL - 2022-04-27 23:28:04 --> Argument 1 passed to CodeIgniter\Database\BaseBuilder::orderBy() must be of the type string, null given, called in C:\Users\Administrator\Downloads\Compressed\amdKW\app\Models\Serverside_model.php on line 45
#0 C:\Users\Administrator\Downloads\Compressed\amdKW\app\Models\Serverside_model.php(45): CodeIgniter\Database\BaseBuilder->orderBy(NULL, 'asc')
#1 C:\Users\Administrator\Downloads\Compressed\amdKW\app\Models\Serverside_model.php(55): App\Models\Serverside_model->_get_datatables_query('pengguna', Array, Array, Array)
#2 C:\Users\Administrator\Downloads\Compressed\amdKW\app\Controllers\Serverside.php(29): App\Models\Serverside_model->get_datatables('pengguna', Array, Array, Array, Array)
#3 C:\Users\Administrator\Downloads\Compressed\amdKW\system\CodeIgniter.php(832): App\Controllers\Serverside->listdata()
#4 C:\Users\Administrator\Downloads\Compressed\amdKW\system\CodeIgniter.php(419): CodeIgniter\CodeIgniter->runController(Object(App\Controllers\Serverside))
#5 C:\Users\Administrator\Downloads\Compressed\amdKW\system\CodeIgniter.php(326): CodeIgniter\CodeIgniter->handleRequest(NULL, Object(Config\Cache), false)
#6 C:\Users\Administrator\Downloads\Compressed\amdKW\public\index.php(37): CodeIgniter\CodeIgniter->run()
#7 C:\Users\Administrator\Downloads\Compressed\amdKW\system\Commands\Server\rewrite.php(43): require_once('C:\\Users\\Admini...')
#8 {main}
CRITICAL - 2022-04-27 23:36:37 --> Non-static method App\Models\ModelDrivers::tampil() should not be called statically
#0 C:\Users\Administrator\Downloads\Compressed\amdKW\app\Controllers\Drivers.php(13): CodeIgniter\Debug\Exceptions->errorHandler(8192, 'Non-static meth...', 'C:\\Users\\Admini...', 13, Array)
#1 C:\Users\Administrator\Downloads\Compressed\amdKW\system\CodeIgniter.php(832): App\Controllers\Drivers->index()
#2 C:\Users\Administrator\Downloads\Compressed\amdKW\system\CodeIgniter.php(419): CodeIgniter\CodeIgniter->runController(Object(App\Controllers\Drivers))
#3 C:\Users\Administrator\Downloads\Compressed\amdKW\system\CodeIgniter.php(326): CodeIgniter\CodeIgniter->handleRequest(NULL, Object(Config\Cache), false)
#4 C:\Users\Administrator\Downloads\Compressed\amdKW\public\index.php(37): CodeIgniter\CodeIgniter->run()
#5 C:\Users\Administrator\Downloads\Compressed\amdKW\system\Commands\Server\rewrite.php(43): require_once('C:\\Users\\Admini...')
#6 {main}
CRITICAL - 2022-04-27 23:38:33 --> Undefined variable: data
#0 C:\Users\Administrator\Downloads\Compressed\amdKW\app\Views\drivers.php(16): CodeIgniter\Debug\Exceptions->errorHandler(8, 'Undefined varia...', 'C:\\Users\\Admini...', 16, Array)
#1 C:\Users\Administrator\Downloads\Compressed\amdKW\system\View\View.php(210): include('C:\\Users\\Admini...')
#2 C:\Users\Administrator\Downloads\Compressed\amdKW\system\View\View.php(213): CodeIgniter\View\View->CodeIgniter\View\{closure}()
#3 C:\Users\Administrator\Downloads\Compressed\amdKW\system\Common.php(1089): CodeIgniter\View\View->render('drivers', Array, true)
#4 C:\Users\Administrator\Downloads\Compressed\amdKW\app\Controllers\Drivers.php(16): view('drivers', Array)
#5 C:\Users\Administrator\Downloads\Compressed\amdKW\system\CodeIgniter.php(832): App\Controllers\Drivers->index()
#6 C:\Users\Administrator\Downloads\Compressed\amdKW\system\CodeIgniter.php(419): CodeIgniter\CodeIgniter->runController(Object(App\Controllers\Drivers))
#7 C:\Users\Administrator\Downloads\Compressed\amdKW\system\CodeIgniter.php(326): CodeIgniter\CodeIgniter->handleRequest(NULL, Object(Config\Cache), false)
#8 C:\Users\Administrator\Downloads\Compressed\amdKW\public\index.php(37): CodeIgniter\CodeIgniter->run()
#9 C:\Users\Administrator\Downloads\Compressed\amdKW\system\Commands\Server\rewrite.php(43): require_once('C:\\Users\\Admini...')
#10 {main}
